#! /usr/local/bin/vvp
:ivl_version "12.0 (stable)";
:ivl_delay_selection "TYPICAL";
:vpi_time_precision + 0;
:vpi_module "/usr/local/lib/ivl/system.vpi";
:vpi_module "/usr/local/lib/ivl/vhdl_sys.vpi";
:vpi_module "/usr/local/lib/ivl/vhdl_textio.vpi";
:vpi_module "/usr/local/lib/ivl/v2005_math.vpi";
:vpi_module "/usr/local/lib/ivl/va_math.vpi";
:vpi_module "/usr/local/lib/ivl/v2009.vpi";
S_0x37204ea0 .scope package, "$unit" "$unit" 2 1;
 .timescale 0 0;
S_0x37205030 .scope module, "tb_async_fifo" "tb_async_fifo" 3 3;
 .timescale 0 0;
v0x372225c0_0 .var "din", 7 0;
v0x372226a0_0 .net "dout", 7 0, v0x37221540_0;  1 drivers
v0x37222770_0 .net "empty", 0 0, v0x37221620_0;  1 drivers
v0x37222870_0 .net "full", 0 0, v0x372216f0_0;  1 drivers
v0x37222940_0 .var "rd_clk", 0 0;
v0x372229e0_0 .var "rd_en", 0 0;
v0x37222ab0_0 .var "rst", 0 0;
v0x37222b80_0 .var "wr_clk", 0 0;
v0x37222c50_0 .var "wr_en", 0 0;
E_0x37206d60 .event posedge, v0x372218c0_0;
E_0x372051c0 .event posedge, v0x37221f10_0;
S_0x371d6580 .scope module, "uut" "async_fifo" 3 10, 4 2 0, S_0x37205030;
 .timescale 0 0;
    .port_info 0 /INPUT 1 "wr_clk";
    .port_info 1 /INPUT 1 "rd_clk";
    .port_info 2 /INPUT 1 "rst";
    .port_info 3 /INPUT 1 "wr_en";
    .port_info 4 /INPUT 1 "rd_en";
    .port_info 5 /INPUT 8 "din";
    .port_info 6 /OUTPUT 8 "dout";
    .port_info 7 /OUTPUT 1 "full";
    .port_info 8 /OUTPUT 1 "empty";
P_0x371c4340 .param/l "ADDR_WIDTH" 0 4 4, +C4<00000000000000000000000000000010>;
P_0x371c4380 .param/l "DATA_WIDTH" 0 4 3, +C4<00000000000000000000000000001000>;
P_0x371c43c0 .param/l "DEPTH" 1 4 16, +C4<0000000000000000000000000000000100>;
v0x371c52e0_0 .net "din", 7 0, v0x372225c0_0;  1 drivers
v0x37221540_0 .var "dout", 7 0;
v0x37221620_0 .var "empty", 0 0;
v0x372216f0_0 .var "full", 0 0;
v0x372217b0 .array "mem", 3 0, 7 0;
v0x372218c0_0 .net "rd_clk", 0 0, v0x37222940_0;  1 drivers
v0x37221980_0 .net "rd_en", 0 0, v0x372229e0_0;  1 drivers
v0x37221a40_0 .var "rd_ptr_bin", 2 0;
v0x37221b20_0 .var "rd_ptr_gray", 2 0;
v0x37221c90_0 .var "rd_ptr_gray_sync1", 2 0;
v0x37221d70_0 .var "rd_ptr_gray_sync2", 2 0;
v0x37221e50_0 .net "rst", 0 0, v0x37222ab0_0;  1 drivers
v0x37221f10_0 .net "wr_clk", 0 0, v0x37222b80_0;  1 drivers
v0x37221fd0_0 .net "wr_en", 0 0, v0x37222c50_0;  1 drivers
v0x37222090_0 .var "wr_ptr_bin", 2 0;
v0x37222170_0 .var "wr_ptr_gray", 2 0;
v0x37222250_0 .var "wr_ptr_gray_sync1", 2 0;
v0x37222400_0 .var "wr_ptr_gray_sync2", 2 0;
E_0x372065e0 .event anyedge, v0x37221b20_0, v0x37222400_0, v0x37222170_0, v0x37221d70_0;
E_0x37206620 .event posedge, v0x37221e50_0, v0x372218c0_0;
E_0x37206480 .event posedge, v0x37221e50_0, v0x37221f10_0;
    .scope S_0x371d6580;
T_0 ;
    %pushi/vec4 0, 0, 3;
    %store/vec4 v0x37222090_0, 0, 3;
    %pushi/vec4 0, 0, 3;
    %store/vec4 v0x37221a40_0, 0, 3;
    %pushi/vec4 0, 0, 3;
    %store/vec4 v0x37222170_0, 0, 3;
    %pushi/vec4 0, 0, 3;
    %store/vec4 v0x37221b20_0, 0, 3;
    %pushi/vec4 0, 0, 3;
    %store/vec4 v0x37221c90_0, 0, 3;
    %pushi/vec4 0, 0, 3;
    %store/vec4 v0x37221d70_0, 0, 3;
    %pushi/vec4 0, 0, 3;
    %store/vec4 v0x37222250_0, 0, 3;
    %pushi/vec4 0, 0, 3;
    %store/vec4 v0x37222400_0, 0, 3;
    %end;
    .thread T_0, $init;
    .scope S_0x371d6580;
T_1 ;
    %wait E_0x37206480;
    %load/vec4 v0x37221e50_0;
    %flag_set/vec4 8;
    %jmp/0xz  T_1.0, 8;
    %pushi/vec4 0, 0, 3;
    %assign/vec4 v0x37222090_0, 0;
    %pushi/vec4 0, 0, 3;
    %assign/vec4 v0x37222170_0, 0;
    %jmp T_1.1;
T_1.0 ;
    %load/vec4 v0x37221fd0_0;
    %flag_set/vec4 9;
    %flag_get/vec4 9;
    %jmp/0 T_1.4, 9;
    %load/vec4 v0x372216f0_0;
    %nor/r;
    %and;
T_1.4;
    %flag_set/vec4 8;
    %jmp/0xz  T_1.2, 8;
    %load/vec4 v0x371c52e0_0;
    %load/vec4 v0x37222090_0;
    %parti/s 2, 0, 2;
    %pad/u 4;
    %ix/vec4 3;
    %ix/load 4, 0, 0; Constant delay
    %assign/vec4/a/d v0x372217b0, 0, 4;
    %load/vec4 v0x37222090_0;
    %addi 1, 0, 3;
    %assign/vec4 v0x37222090_0, 0;
    %load/vec4 v0x37222090_0;
    %ix/load 4, 1, 0;
    %flag_set/imm 4, 0;
    %shiftr 4;
    %load/vec4 v0x37222090_0;
    %xor;
    %assign/vec4 v0x37222170_0, 0;
T_1.2 ;
T_1.1 ;
    %jmp T_1;
    .thread T_1;
    .scope S_0x371d6580;
T_2 ;
    %wait E_0x37206620;
    %load/vec4 v0x37221e50_0;
    %flag_set/vec4 8;
    %jmp/0xz  T_2.0, 8;
    %pushi/vec4 0, 0, 3;
    %assign/vec4 v0x37221a40_0, 0;
    %pushi/vec4 0, 0, 3;
    %assign/vec4 v0x37221b20_0, 0;
    %pushi/vec4 0, 0, 8;
    %assign/vec4 v0x37221540_0, 0;
    %jmp T_2.1;
T_2.0 ;
    %load/vec4 v0x37221980_0;
    %flag_set/vec4 9;
    %flag_get/vec4 9;
    %jmp/0 T_2.4, 9;
    %load/vec4 v0x37221620_0;
    %nor/r;
    %and;
T_2.4;
    %flag_set/vec4 8;
    %jmp/0xz  T_2.2, 8;
    %load/vec4 v0x37221a40_0;
    %parti/s 2, 0, 2;
    %pad/u 4;
    %ix/vec4 4;
    %load/vec4a v0x372217b0, 4;
    %assign/vec4 v0x37221540_0, 0;
    %load/vec4 v0x37221a40_0;
    %addi 1, 0, 3;
    %assign/vec4 v0x37221a40_0, 0;
    %load/vec4 v0x37221a40_0;
    %ix/load 4, 1, 0;
    %flag_set/imm 4, 0;
    %shiftr 4;
    %load/vec4 v0x37221a40_0;
    %xor;
    %assign/vec4 v0x37221b20_0, 0;
T_2.2 ;
T_2.1 ;
    %jmp T_2;
    .thread T_2;
    .scope S_0x371d6580;
T_3 ;
    %wait E_0x37206480;
    %load/vec4 v0x37221e50_0;
    %flag_set/vec4 8;
    %jmp/0xz  T_3.0, 8;
    %pushi/vec4 0, 0, 3;
    %assign/vec4 v0x37221c90_0, 0;
    %pushi/vec4 0, 0, 3;
    %assign/vec4 v0x37221d70_0, 0;
    %jmp T_3.1;
T_3.0 ;
    %load/vec4 v0x37221b20_0;
    %assign/vec4 v0x37221c90_0, 0;
    %load/vec4 v0x37221c90_0;
    %assign/vec4 v0x37221d70_0, 0;
T_3.1 ;
    %jmp T_3;
    .thread T_3;
    .scope S_0x371d6580;
T_4 ;
    %wait E_0x37206620;
    %load/vec4 v0x37221e50_0;
    %flag_set/vec4 8;
    %jmp/0xz  T_4.0, 8;
    %pushi/vec4 0, 0, 3;
    %assign/vec4 v0x37222250_0, 0;
    %pushi/vec4 0, 0, 3;
    %assign/vec4 v0x37222400_0, 0;
    %jmp T_4.1;
T_4.0 ;
    %load/vec4 v0x37222170_0;
    %assign/vec4 v0x37222250_0, 0;
    %load/vec4 v0x37222250_0;
    %assign/vec4 v0x37222400_0, 0;
T_4.1 ;
    %jmp T_4;
    .thread T_4;
    .scope S_0x371d6580;
T_5 ;
    %wait E_0x372065e0;
    %load/vec4 v0x37221b20_0;
    %load/vec4 v0x37222400_0;
    %cmp/e;
    %flag_get/vec4 4;
    %store/vec4 v0x37221620_0, 0, 1;
    %load/vec4 v0x37222170_0;
    %load/vec4 v0x37221d70_0;
    %parti/s 2, 1, 2;
    %inv;
    %load/vec4 v0x37221d70_0;
    %parti/s 1, 0, 2;
    %concat/vec4; draw_concat_vec4
    %cmp/e;
    %flag_get/vec4 4;
    %store/vec4 v0x372216f0_0, 0, 1;
    %jmp T_5;
    .thread T_5, $push;
    .scope S_0x37205030;
T_6 ;
    %pushi/vec4 0, 0, 1;
    %store/vec4 v0x37222b80_0, 0, 1;
    %pushi/vec4 0, 0, 1;
    %store/vec4 v0x37222940_0, 0, 1;
    %end;
    .thread T_6, $init;
    .scope S_0x37205030;
T_7 ;
    %delay 4, 0;
    %load/vec4 v0x37222b80_0;
    %inv;
    %store/vec4 v0x37222b80_0, 0, 1;
    %jmp T_7;
    .thread T_7;
    .scope S_0x37205030;
T_8 ;
    %delay 7, 0;
    %load/vec4 v0x37222940_0;
    %inv;
    %store/vec4 v0x37222940_0, 0, 1;
    %jmp T_8;
    .thread T_8;
    .scope S_0x37205030;
T_9 ;
    %vpi_call/w 3 22 "$monitor", "Time=%0t | wr_en=%b, rd_en=%b, din=%h, dout=%h, full=%b, empty=%b", $time, v0x37222c50_0, v0x372229e0_0, v0x372225c0_0, v0x372226a0_0, v0x37222870_0, v0x37222770_0 {0 0 0};
    %pushi/vec4 1, 0, 1;
    %store/vec4 v0x37222ab0_0, 0, 1;
    %pushi/vec4 0, 0, 1;
    %store/vec4 v0x37222c50_0, 0, 1;
    %pushi/vec4 0, 0, 1;
    %store/vec4 v0x372229e0_0, 0, 1;
    %pushi/vec4 0, 0, 8;
    %store/vec4 v0x372225c0_0, 0, 8;
    %delay 20, 0;
    %pushi/vec4 0, 0, 1;
    %store/vec4 v0x37222ab0_0, 0, 1;
    %pushi/vec4 4, 0, 32;
T_9.0 %dup/vec4;
    %pushi/vec4 0, 0, 32;
    %cmp/s;
    %jmp/1xz T_9.1, 5;
    %jmp/1 T_9.1, 4;
    %pushi/vec4 1, 0, 32;
    %sub;
    %wait E_0x372051c0;
    %pushi/vec4 1, 0, 1;
    %store/vec4 v0x37222c50_0, 0, 1;
    %load/vec4 v0x372225c0_0;
    %addi 17, 0, 8;
    %store/vec4 v0x372225c0_0, 0, 8;
    %jmp T_9.0;
T_9.1 ;
    %pop/vec4 1;
    %pushi/vec4 0, 0, 1;
    %store/vec4 v0x37222c50_0, 0, 1;
    %pushi/vec4 4, 0, 32;
T_9.2 %dup/vec4;
    %pushi/vec4 0, 0, 32;
    %cmp/s;
    %jmp/1xz T_9.3, 5;
    %jmp/1 T_9.3, 4;
    %pushi/vec4 1, 0, 32;
    %sub;
    %wait E_0x37206d60;
    %pushi/vec4 1, 0, 1;
    %store/vec4 v0x372229e0_0, 0, 1;
    %jmp T_9.2;
T_9.3 ;
    %pop/vec4 1;
    %pushi/vec4 0, 0, 1;
    %store/vec4 v0x372229e0_0, 0, 1;
    %delay 100, 0;
    %vpi_call/w 3 43 "$finish" {0 0 0};
    %end;
    .thread T_9;
# The file index is used to find the file name in the following table.
:file_names 5;
    "N/A";
    "<interactive>";
    "-";
    "testbench.sv";
    "design.sv";
